\BOOKMARK [0][-]{chapter*.4}{\376\377\000I\000n\000t\000r\000o\000d\000u\000c\000t\000i\000o\000n\000\040\000G\000\351\000n\000\351\000r\000a\000l\000e}{}% 1
\BOOKMARK [0][-]{chapter.1}{\376\377\000C\000a\000d\000r\000e\000\040\000G\000\351\000n\000\351\000r\000a\000l\000\040\000d\000u\000\040\000P\000r\000o\000j\000e\000t\000\040\000e\000t\000\040\000P\000r\000\351\000s\000e\000n\000t\000a\000t\000i\000o\000n\000\040\000d\000e\000\040\000l\000'\000O\000r\000g\000a\000n\000i\000s\000m\000e}{}% 2
\BOOKMARK [1][-]{section*.5}{\376\377\000I\000n\000t\000r\000o\000d\000u\000c\000t\000i\000o\000n\000\040\000d\000u\000\040\000c\000h\000a\000p\000i\000t\000r\000e}{chapter.1}% 3
\BOOKMARK [1][-]{section.1.1}{\376\377\000C\000o\000n\000t\000e\000x\000t\000e\000\040\000G\000\351\000n\000\351\000r\000a\000l\000\040\000d\000u\000\040\000P\000r\000o\000j\000e\000t}{chapter.1}% 4
\BOOKMARK [1][-]{section.1.2}{\376\377\000H\000o\000s\000t\000\040\000O\000r\000g\000a\000n\000i\000z\000a\000t\000i\000o\000n\000\040\000O\000v\000e\000r\000v\000i\000e\000w\000\040\000\050\000M\000i\000c\000r\000o\000E\000d\000i\000t\000i\000o\000n\000\051}{chapter.1}% 5
\BOOKMARK [2][-]{subsection.1.2.1}{\376\377\000C\000o\000m\000p\000a\000n\000y\000\040\000P\000r\000o\000f\000i\000l\000e}{section.1.2}% 6
\BOOKMARK [2][-]{subsection.1.2.2}{\376\377\000S\000e\000r\000v\000i\000c\000e\000s}{section.1.2}% 7
\BOOKMARK [2][-]{subsection.1.2.3}{\376\377\000R\000e\000s\000e\000a\000r\000c\000h\000\040\000\046\000\040\000D\000e\000v\000e\000l\000o\000p\000m\000e\000n\000t\000\040\000\050\000R\000\046\000D\000\051}{section.1.2}% 8
\BOOKMARK [2][-]{subsection.1.2.4}{\376\377\000O\000r\000g\000a\000n\000i\000z\000a\000t\000i\000o\000n\000a\000l\000\040\000S\000t\000r\000u\000c\000t\000u\000r\000e}{section.1.2}% 9
\BOOKMARK [1][-]{section.1.3}{\376\377\000P\000r\000o\000b\000l\000\351\000m\000a\000t\000i\000q\000u\000e}{chapter.1}% 10
\BOOKMARK [1][-]{section.1.4}{\376\377\000A\000n\000a\000l\000y\000s\000e\000\040\000d\000e\000s\000\040\000S\000o\000l\000u\000t\000i\000o\000n\000s\000\040\000E\000x\000i\000s\000t\000a\000n\000t\000e\000s}{chapter.1}% 11
\BOOKMARK [2][-]{subsection.1.4.1}{\376\377\000\311\000t\000u\000d\000e\000\040\000d\000e\000\040\000l\000'\000e\000x\000i\000s\000t\000a\000n\000t}{section.1.4}% 12
\BOOKMARK [2][-]{subsection.1.4.2}{\376\377\000S\000y\000n\000t\000h\000\350\000s\000e\000\040\000e\000t\000\040\000C\000r\000i\000t\000i\000q\000u\000e\000\040\000:\000\040\000L\000e\000\040\000"\000M\000a\000n\000q\000u\000e\000\040\000d\000'\000H\000u\000m\000a\000n\000i\000t\000\351\000"}{section.1.4}% 13
\BOOKMARK [2][-]{subsection.1.4.3}{\376\377\000L\000a\000\040\000D\000i\000f\000f\000\351\000r\000e\000n\000c\000i\000a\000t\000i\000o\000n\000\040\000d\000e\000\040\000K\000o\000d\000a}{section.1.4}% 14
\BOOKMARK [1][-]{section.1.5}{\376\377\000S\000o\000l\000u\000t\000i\000o\000n\000\040\000P\000r\000o\000p\000o\000s\000\351\000e}{chapter.1}% 15
\BOOKMARK [1][-]{section.1.6}{\376\377\000M\000\351\000t\000h\000o\000d\000o\000l\000o\000g\000i\000e\000\040\000d\000u\000\040\000P\000r\000o\000j\000e\000t}{chapter.1}% 16
\BOOKMARK [2][-]{subsection.1.6.1}{\376\377\000A\000p\000p\000r\000o\000c\000h\000e\000\040\000A\000g\000i\000l\000e\000\040\000e\000t\000\040\000C\000y\000c\000l\000e\000\040\000e\000n\000\040\000V}{section.1.6}% 17
\BOOKMARK [1][-]{subsection.1.6.1}{\376\377\000C\000o\000n\000c\000l\000u\000s\000i\000o\000n}{chapter.1}% 18
\BOOKMARK [0][-]{chapter.2}{\376\377\000R\000e\000q\000u\000i\000r\000e\000m\000e\000n\000t\000s\000\040\000A\000n\000a\000l\000y\000s\000i\000s\000\040\000a\000n\000d\000\040\000U\000M\000L\000\040\000M\000o\000d\000e\000l\000i\000n\000g}{}% 19
\BOOKMARK [1][-]{section*.7}{\376\377\000I\000n\000t\000r\000o\000d\000u\000c\000t\000i\000o\000n\000\040\000d\000u\000\040\000c\000h\000a\000p\000i\000t\000r\000e}{chapter.2}% 20
\BOOKMARK [1][-]{section.2.1}{\376\377\000R\000e\000q\000u\000i\000r\000e\000m\000e\000n\000t\000s\000\040\000A\000n\000a\000l\000y\000s\000i\000s}{chapter.2}% 21
\BOOKMARK [2][-]{subsection.2.1.1}{\376\377\000S\000m\000a\000r\000t\000\040\000G\000r\000e\000e\000n\000h\000o\000u\000s\000e}{section.2.1}% 22
\BOOKMARK [2][-]{subsection.2.1.2}{\376\377\000M\000o\000b\000i\000l\000e\000\040\000A\000p\000p\000l\000i\000c\000a\000t\000i\000o\000n\000\040\000\050\000F\000a\000r\000m\000e\000r\000\051}{section.2.1}% 23
\BOOKMARK [2][-]{subsection.2.1.3}{\376\377\000W\000e\000b\000\040\000A\000p\000p\000l\000i\000c\000a\000t\000i\000o\000n\000\040\000\050\000C\000o\000m\000p\000a\000n\000y\000/\000A\000d\000m\000i\000n\000\051}{section.2.1}% 24
\BOOKMARK [2][-]{subsection.2.1.4}{\376\377\000A\000I\000\040\000M\000o\000d\000u\000l\000e\000\040\000\050\000D\000i\000s\000e\000a\000s\000e\000\040\000D\000e\000t\000e\000c\000t\000i\000o\000n\000\051}{section.2.1}% 25
\BOOKMARK [1][-]{section.2.2}{\376\377\000F\000u\000n\000c\000t\000i\000o\000n\000a\000l\000\040\000a\000n\000d\000\040\000N\000o\000n\000-\000F\000u\000n\000c\000t\000i\000o\000n\000a\000l\000\040\000R\000e\000q\000u\000i\000r\000e\000m\000e\000n\000t\000s}{chapter.2}% 26
\BOOKMARK [1][-]{section.2.3}{\376\377\000M\000o\000d\000e\000l\000i\000n\000g\000\040\000L\000a\000n\000g\000u\000a\000g\000e}{chapter.2}% 27
\BOOKMARK [2][-]{subsection.2.3.1}{\376\377\000W\000h\000y\000\040\000U\000M\000L\000?}{section.2.3}% 28
\BOOKMARK [1][-]{section.2.4}{\376\377\000U\000M\000L\000\040\000D\000e\000s\000i\000g\000n}{chapter.2}% 29
\BOOKMARK [2][-]{subsection.2.4.1}{\376\377\000U\000s\000e\000\040\000C\000a\000s\000e\000\040\000D\000i\000a\000g\000r\000a\000m\000s}{section.2.4}% 30
\BOOKMARK [2][-]{subsection.2.4.2}{\376\377\000S\000e\000q\000u\000e\000n\000c\000e\000\040\000D\000i\000a\000g\000r\000a\000m\000s}{section.2.4}% 31
\BOOKMARK [2][-]{subsection.2.4.3}{\376\377\000C\000l\000a\000s\000s\000\040\000D\000i\000a\000g\000r\000a\000m\000s}{section.2.4}% 32
\BOOKMARK [1][-]{subsection.2.4.3}{\376\377\000C\000o\000n\000c\000l\000u\000s\000i\000o\000n}{chapter.2}% 33
\BOOKMARK [0][-]{chapter.3}{\376\377\000A\000n\000a\000l\000y\000s\000e\000u\000r\000\040\000e\000t\000\040\000R\000\351\000f\000l\000\351\000c\000h\000i\000s\000s\000e\000m\000e\000n\000t}{}% 34
\BOOKMARK [1][-]{section*.11}{\376\377\000I\000n\000t\000r\000o\000d\000u\000c\000t\000i\000o\000n\000\040\000d\000u\000\040\000c\000h\000a\000p\000i\000t\000r\000e}{chapter.3}% 35
\BOOKMARK [1][-]{section*.11}{\376\377\000D\000\351\000f\000i\000n\000i\000t\000i\000o\000n\000s\000\040\000F\000o\000n\000d\000a\000m\000e\000n\000t\000a\000l\000e\000s}{chapter.3}% 36
\BOOKMARK [1][-]{section*.11}{\376\377\000F\000o\000n\000d\000e\000m\000e\000n\000t\000s\000\040\000T\000h\000\351\000o\000r\000i\000q\000u\000e\000s}{chapter.3}% 37
\BOOKMARK [1][-]{section*.11}{\376\377\000W\000e\000b\000h\000o\000o\000k\000\040\0001\000\040\000:\000\040\000A\000n\000a\000l\000y\000s\000e\000\040\000e\000t\000\040\000R\000\351\000p\000o\000n\000s\000e}{chapter.3}% 38
\BOOKMARK [1][-]{Item.7}{\376\377\000W\000e\000b\000h\000o\000o\000k\000\040\0002\000\040\000:\000\040\000F\000i\000l\000t\000r\000e\000\040\000e\000t\000\040\000S\000y\000n\000t\000h\000\350\000s\000e\000\040\000J\000o\000u\000r\000n\000a\000l\000i\000\350\000r\000e}{chapter.3}% 39
\BOOKMARK [1][-]{Item.10}{\376\377\000W\000e\000b\000h\000o\000o\000k\000\040\0003\000\040\000:\000\040\000S\000p\000o\000n\000t\000a\000n\000\351\000i\000t\000\351\000\040\000e\000t\000\040\000I\000n\000t\000e\000r\000a\000c\000t\000i\000o\000n\000\040\000P\000r\000o\000a\000c\000t\000i\000v\000e}{chapter.3}% 40
\BOOKMARK [1][-]{Item.10}{\376\377\000A\000r\000c\000h\000i\000t\000e\000c\000t\000u\000r\000e\000\040\000C\000o\000g\000n\000i\000t\000i\000v\000e\000\040\000G\000l\000o\000b\000a\000l\000e\000\040\000d\000e\000\040\000K\000O\000D\000A}{chapter.3}% 41
\BOOKMARK [1][-]{table.caption.12}{\376\377\000C\000o\000n\000c\000l\000u\000s\000i\000o\000n}{chapter.3}% 42
\BOOKMARK [0][-]{chapter.4}{\376\377\000S\000m\000a\000r\000t\000\040\000G\000r\000e\000e\000n\000h\000o\000u\000s\000e\000\040\000\046\000\040\000I\000o\000T\000\040\000I\000n\000f\000r\000a\000s\000t\000r\000u\000c\000t\000u\000r\000e}{}% 43
\BOOKMARK [1][-]{section*.13}{\376\377\000C\000h\000a\000p\000t\000e\000r\000\040\000I\000n\000t\000r\000o\000d\000u\000c\000t\000i\000o\000n}{chapter.4}% 44
\BOOKMARK [1][-]{section.4.1}{\376\377\000O\000v\000e\000r\000a\000l\000l\000\040\000I\000o\000T\000\040\000S\000y\000s\000t\000e\000m\000\040\000A\000r\000c\000h\000i\000t\000e\000c\000t\000u\000r\000e}{chapter.4}% 45
\BOOKMARK [1][-]{section.4.2}{\376\377\000H\000a\000r\000d\000w\000a\000r\000e\000\040\000C\000o\000m\000p\000o\000n\000e\000n\000t\000s}{chapter.4}% 46
\BOOKMARK [2][-]{subsection.4.2.1}{\376\377\000R\000a\000s\000p\000b\000e\000r\000r\000y\000\040\000P\000i\000\040\000I\000n\000t\000e\000g\000r\000a\000t\000i\000o\000n}{section.4.2}% 47
\BOOKMARK [2][-]{subsection.4.2.2}{\376\377\000S\000e\000n\000s\000o\000r\000s\000\040\000a\000n\000d\000\040\000A\000c\000t\000u\000a\000t\000o\000r\000s}{section.4.2}% 48
\BOOKMARK [1][-]{section.4.3}{\376\377\000D\000a\000t\000a\000\040\000A\000c\000q\000u\000i\000s\000i\000t\000i\000o\000n\000\040\000a\000n\000d\000\040\000C\000o\000m\000m\000u\000n\000i\000c\000a\000t\000i\000o\000n}{chapter.4}% 49
\BOOKMARK [2][-]{subsection.4.3.1}{\376\377\000M\000Q\000T\000T\000\040\000P\000r\000o\000t\000o\000c\000o\000l}{section.4.3}% 50
\BOOKMARK [2][-]{subsection.4.3.2}{\376\377\000B\000r\000o\000k\000e\000r\000\040\000a\000n\000d\000\040\000D\000a\000t\000a\000\040\000E\000x\000c\000h\000a\000n\000g\000e}{section.4.3}% 51
\BOOKMARK [1][-]{section.4.4}{\376\377\000P\000h\000y\000s\000i\000c\000a\000l\000\040\000I\000m\000p\000l\000e\000m\000e\000n\000t\000a\000t\000i\000o\000n\000\040\000a\000n\000d\000\040\000W\000i\000r\000i\000n\000g}{chapter.4}% 52
\BOOKMARK [1][-]{section.4.4}{\376\377\000C\000o\000n\000c\000l\000u\000s\000i\000o\000n}{chapter.4}% 53
\BOOKMARK [0][-]{chapter.5}{\376\377\000A\000r\000t\000i\000f\000i\000c\000i\000a\000l\000\040\000I\000n\000t\000e\000l\000l\000i\000g\000e\000n\000c\000e\000\040\000M\000o\000d\000u\000l\000e\000\040\000\050\000R\000e\000s\000e\000a\000r\000c\000h\000\040\000\046\000\040\000D\000e\000v\000e\000l\000o\000p\000m\000e\000n\000t\000\051}{}% 54
\BOOKMARK [1][-]{section*.14}{\376\377\000C\000h\000a\000p\000t\000e\000r\000\040\000I\000n\000t\000r\000o\000d\000u\000c\000t\000i\000o\000n}{chapter.5}% 55
\BOOKMARK [1][-]{section.5.1}{\376\377\000A\000I\000\040\000A\000p\000p\000r\000o\000a\000c\000h\000\040\000S\000t\000u\000d\000y}{chapter.5}% 56
\BOOKMARK [1][-]{section.5.2}{\376\377\000D\000a\000t\000a\000\040\000P\000r\000e\000p\000a\000r\000a\000t\000i\000o\000n\000\040\000\050\000D\000a\000t\000a\000s\000e\000t\000\051}{chapter.5}% 57
\BOOKMARK [2][-]{subsection.5.2.1}{\376\377\000D\000a\000t\000a\000\040\000C\000o\000l\000l\000e\000c\000t\000i\000o\000n\000\040\000a\000n\000d\000\040\000S\000o\000u\000r\000c\000e\000s}{section.5.2}% 58
\BOOKMARK [2][-]{subsection.5.2.2}{\376\377\000L\000a\000b\000e\000l\000i\000n\000g\000\040\000a\000n\000d\000\040\000P\000r\000e\000p\000r\000o\000c\000e\000s\000s\000i\000n\000g}{section.5.2}% 59
\BOOKMARK [1][-]{section.5.3}{\376\377\000M\000o\000d\000e\000l\000\040\000D\000e\000v\000e\000l\000o\000p\000m\000e\000n\000t}{chapter.5}% 60
\BOOKMARK [2][-]{subsection.5.3.1}{\376\377\000T\000r\000a\000i\000n\000i\000n\000g\000\040\000a\000n\000d\000\040\000T\000e\000s\000t\000i\000n\000g}{section.5.3}% 61
\BOOKMARK [2][-]{subsection.5.3.2}{\376\377\000P\000i\000p\000e\000l\000i\000n\000e\000\040\000E\000d\000g\000e\000\040\000I\000m\000p\000u\000l\000s\000e}{section.5.3}% 62
\BOOKMARK [1][-]{section.5.4}{\376\377\000E\000d\000g\000e\000\040\000D\000e\000p\000l\000o\000y\000m\000e\000n\000t\000\040\000a\000n\000d\000\040\000O\000T\000A\000\040\000U\000p\000d\000a\000t\000e\000s}{chapter.5}% 63
\BOOKMARK [1][-]{section.5.4}{\376\377\000C\000o\000n\000c\000l\000u\000s\000i\000o\000n}{chapter.5}% 64
\BOOKMARK [0][-]{chapter.6}{\376\377\000M\000o\000b\000i\000l\000e\000\040\000A\000p\000p\000l\000i\000c\000a\000t\000i\000o\000n\000\040\000\050\000F\000a\000r\000m\000e\000r\000\051\000\040\000\046\000\040\000W\000e\000b\000\040\000D\000a\000s\000h\000b\000o\000a\000r\000d\000\040\000\050\000A\000d\000m\000i\000n\000\051}{}% 65
\BOOKMARK [1][-]{section*.15}{\376\377\000C\000h\000a\000p\000t\000e\000r\000\040\000I\000n\000t\000r\000o\000d\000u\000c\000t\000i\000o\000n}{chapter.6}% 66
\BOOKMARK [1][-]{section.6.1}{\376\377\000M\000o\000b\000i\000l\000e\000\040\000A\000p\000p\000l\000i\000c\000a\000t\000i\000o\000n\000\040\000I\000n\000t\000e\000r\000f\000a\000c\000e}{chapter.6}% 67
\BOOKMARK [2][-]{subsection.6.1.1}{\376\377\000R\000e\000a\000l\000-\000T\000i\000m\000e\000\040\000M\000o\000n\000i\000t\000o\000r\000i\000n\000g}{section.6.1}% 68
\BOOKMARK [2][-]{subsection.6.1.2}{\376\377\000N\000o\000t\000i\000f\000i\000c\000a\000t\000i\000o\000n\000s\000\040\000a\000n\000d\000\040\000A\000l\000e\000r\000t\000s}{section.6.1}% 69
\BOOKMARK [1][-]{section.6.2}{\376\377\000W\000e\000b\000\040\000A\000d\000m\000i\000n\000i\000s\000t\000r\000a\000t\000i\000o\000n\000\040\000D\000a\000s\000h\000b\000o\000a\000r\000d}{chapter.6}% 70
\BOOKMARK [2][-]{subsection.6.2.1}{\376\377\000U\000s\000e\000r\000\040\000a\000n\000d\000\040\000D\000e\000v\000i\000c\000e\000\040\000M\000a\000n\000a\000g\000e\000m\000e\000n\000t}{section.6.2}% 71
\BOOKMARK [2][-]{subsection.6.2.2}{\376\377\000D\000a\000t\000a\000\040\000V\000i\000s\000u\000a\000l\000i\000z\000a\000t\000i\000o\000n\000\040\000\050\000G\000r\000a\000f\000a\000n\000a\000\051}{section.6.2}% 72
\BOOKMARK [1][-]{section.6.3}{\376\377\000V\000i\000d\000e\000o\000\040\000S\000u\000r\000v\000e\000i\000l\000l\000a\000n\000c\000e\000\040\000S\000y\000s\000t\000e\000m}{chapter.6}% 73
\BOOKMARK [2][-]{subsection.6.3.1}{\376\377\000A\000r\000c\000h\000i\000t\000e\000c\000t\000u\000r\000e\000\040\000W\000e\000b\000R\000T\000C\000\040\000/\000\040\000C\000o\000t\000u\000r\000n}{section.6.3}% 74
\BOOKMARK [2][-]{subsection.6.3.2}{\376\377\000L\000i\000v\000e\000\040\000G\000r\000e\000e\000n\000h\000o\000u\000s\000e\000\040\000M\000o\000n\000i\000t\000o\000r\000i\000n\000g}{section.6.3}% 75
\BOOKMARK [1][-]{subsection.6.3.2}{\376\377\000C\000o\000n\000c\000l\000u\000s\000i\000o\000n}{chapter.6}% 76
\BOOKMARK [0][-]{chapter.7}{\376\377\000D\000e\000p\000l\000o\000y\000m\000e\000n\000t\000\040\000a\000n\000d\000\040\000C\000l\000o\000u\000d\000\040\000I\000n\000t\000e\000g\000r\000a\000t\000i\000o\000n}{}% 77
\BOOKMARK [1][-]{section*.16}{\376\377\000C\000h\000a\000p\000t\000e\000r\000\040\000I\000n\000t\000r\000o\000d\000u\000c\000t\000i\000o\000n}{chapter.7}% 78
\BOOKMARK [1][-]{section.7.1}{\376\377\000C\000l\000o\000u\000d\000\040\000D\000e\000p\000l\000o\000y\000m\000e\000n\000t\000\040\000A\000r\000c\000h\000i\000t\000e\000c\000t\000u\000r\000e}{chapter.7}% 79
\BOOKMARK [1][-]{section.7.2}{\376\377\000B\000a\000c\000k\000e\000n\000d\000\040\000\046\000\040\000D\000a\000t\000a\000b\000a\000s\000e}{chapter.7}% 80
\BOOKMARK [2][-]{subsection.7.2.1}{\376\377\000A\000r\000c\000h\000i\000t\000e\000c\000t\000u\000r\000e\000\040\000S\000p\000r\000i\000n\000g\000\040\000B\000o\000o\000t}{section.7.2}% 81
\BOOKMARK [2][-]{subsection.7.2.2}{\376\377\000T\000i\000m\000e\000-\000S\000e\000r\000i\000e\000s\000\040\000D\000a\000t\000a\000\040\000M\000a\000n\000a\000g\000e\000m\000e\000n\000t\000\040\000\050\000T\000i\000m\000e\000s\000c\000a\000l\000e\000D\000B\000/\000P\000o\000s\000t\000g\000r\000e\000S\000Q\000L\000\051}{section.7.2}% 82
\BOOKMARK [1][-]{section.7.3}{\376\377\000S\000e\000c\000u\000r\000i\000t\000y\000\040\000a\000n\000d\000\040\000A\000u\000t\000h\000e\000n\000t\000i\000c\000a\000t\000i\000o\000n}{chapter.7}% 83
\BOOKMARK [1][-]{section.7.4}{\376\377\000F\000u\000l\000l\000\040\000S\000y\000s\000t\000e\000m\000\040\000V\000a\000l\000i\000d\000a\000t\000i\000o\000n\000\040\000a\000n\000d\000\040\000T\000e\000s\000t\000i\000n\000g}{chapter.7}% 84
\BOOKMARK [1][-]{section.7.4}{\376\377\000C\000o\000n\000c\000l\000u\000s\000i\000o\000n}{chapter.7}% 85
\BOOKMARK [0][-]{chapter*.17}{\376\377\000G\000e\000n\000e\000r\000a\000l\000\040\000C\000o\000n\000c\000l\000u\000s\000i\000o\000n\000\040\000a\000n\000d\000\040\000F\000u\000t\000u\000r\000e\000\040\000P\000e\000r\000s\000p\000e\000c\000t\000i\000v\000e\000s}{}% 86
\BOOKMARK [0][-]{chapter*.18}{\376\377\000B\000i\000b\000l\000i\000o\000g\000r\000a\000p\000h\000y}{}% 87
\BOOKMARK [0][-]{chapter*.19}{\376\377\000W\000e\000b\000o\000g\000r\000a\000p\000h\000y}{}% 88
